<?xml version="1.0" encoding="UTF-8"?>
<!-- Generated by org.testng.reporters.JUnitXMLReporter -->
<testsuite ignored="0" hostname="DESKTOP-S7VGT8L" failures="0" tests="4" name="Default test" time="236.53" errors="0" timestamp="2023-09-09T12:40:33 IST">
  <testcase classname="com.shoecarnival.testcases.shoe_carnival" name="shoecarnival" time="79.676"/>
  <testcase classname="com.shoecarnival.testcases.shoe_carnival" name="shoecarnival" time="79.261"/>
  <testcase classname="com.shoecarnival.testcases.shoe_carnival" name="PagenoNavigationChecker" time="10.19"/>
  <testcase classname="com.shoecarnival.testcases.shoe_carnival" name="ProductRatingChecker" time="46.685"/>
</testsuite> <!-- Default test -->
